JvmtiExport can_access_local_variables 0
JvmtiExport can_hotswap_or_post_breakpoint 0
JvmtiExport can_post_on_exceptions 0
# 471 ciObject found
instanceKlass com/netflix/appinfo/MyDataCenterInfo
instanceKlass com/netflix/appinfo/DataCenterInfo
instanceKlass org/springframework/cloud/netflix/eureka/metadata/ManagementMetadata
instanceKlass org/springframework/cloud/netflix/eureka/metadata/DefaultManagementMetadataProvider
instanceKlass com/netflix/discovery/shared/Application
instanceKlass com/netflix/appinfo/InstanceInfo
instanceKlass com/netflix/discovery/EurekaEventListener
instanceKlass com/netflix/appinfo/HealthCheckHandler
instanceKlass com/netflix/appinfo/HealthCheckCallback
instanceKlass com/netflix/discovery/shared/Applications
instanceKlass org/springframework/aop/support/DefaultIntroductionAdvisor
instanceKlass org/springframework/aop/support/IntroductionInfoSupport
instanceKlass org/springframework/aop/IntroductionInterceptor
instanceKlass org/springframework/aop/scope/DefaultScopedObject
instanceKlass org/springframework/aop/target/AbstractBeanFactoryBasedTargetSource
instanceKlass org/springframework/web/multipart/MultipartHttpServletRequest
instanceKlass org/springframework/web/multipart/MultipartRequest
instanceKlass org/springframework/boot/autoconfigure/web/reactive/function/client/WebClientCodecCustomizer$$Lambda$1429
instanceKlass org/springframework/boot/autoconfigure/web/reactive/function/client/WebClientCodecCustomizer$$Lambda$1428
instanceKlass org/springframework/boot/autoconfigure/web/reactive/function/client/WebClientAutoConfiguration$$Lambda$1427
instanceKlass org/springframework/cloud/client/loadbalancer/reactive/ReactiveLoadBalancerAutoConfiguration$$Lambda$1426
instanceKlass org/springframework/web/reactive/function/client/ClientResponse
instanceKlass org/springframework/web/reactive/function/client/ExchangeFunction
instanceKlass org/springframework/web/reactive/function/client/ClientRequest
instanceKlass com/netflix/loadbalancer/Server
instanceKlass org/springframework/cloud/client/loadbalancer/LoadBalancerRequest
instanceKlass org/springframework/cloud/netflix/ribbon/ServerIntrospector
instanceKlass org/springframework/cloud/netflix/ribbon/RibbonLoadBalancerClient
instanceKlass org/springframework/http/codec/FormHttpMessageWriter
instanceKlass org/springframework/http/codec/HttpMessageEncoder
instanceKlass org/springframework/http/codec/multipart/MultipartHttpMessageWriter
instanceKlass org/springframework/http/codec/ResourceHttpMessageWriter
instanceKlass org/springframework/http/codec/EncoderHttpMessageWriter$$Lambda$1425
instanceKlass org/springframework/core/codec/AbstractEncoder
instanceKlass org/springframework/http/ReactiveHttpOutputMessage
instanceKlass org/springframework/http/codec/EncoderHttpMessageWriter
instanceKlass org/springframework/http/codec/ServerSentEventHttpMessageReader$$Lambda$1424
instanceKlass java/lang/invoke/LambdaForm$DMH
instanceKlass org/springframework/http/codec/ServerSentEventHttpMessageReader
instanceKlass org/springframework/http/codec/xml/JaxbContextContainer
instanceKlass com/ctc/wstx/util/ArgUtil
instanceKlass com/ctc/wstx/api/WstxInputProperties$ParsingMode
instanceKlass com/ctc/wstx/api/WstxInputProperties
instanceKlass com/ctc/wstx/util/DataUtil
instanceKlass com/ctc/wstx/api/CommonConfig
instanceKlass com/ctc/wstx/util/SymbolTable$Bucket
instanceKlass com/ctc/wstx/util/SymbolTable
instanceKlass com/ctc/wstx/util/DefaultXmlSymbolTable
instanceKlass org/codehaus/stax2/XMLStreamReader2
instanceKlass org/codehaus/stax2/validation/Validatable
instanceKlass org/codehaus/stax2/typed/TypedXMLStreamReader
instanceKlass org/codehaus/stax2/io/Stax2Source
instanceKlass com/ctc/wstx/io/InputBootstrapper
instanceKlass org/codehaus/stax2/XMLEventReader2
instanceKlass javax/xml/stream/util/XMLEventAllocator
instanceKlass org/codehaus/stax2/XMLStreamProperties
instanceKlass com/ctc/wstx/cfg/InputConfigFlags
instanceKlass com/ctc/wstx/sr/ReaderCreator
instanceKlass javax/xml/stream/FactoryFinder$1
instanceKlass javax/xml/stream/SecuritySupport$5
instanceKlass javax/xml/stream/SecuritySupport$2
instanceKlass javax/xml/stream/SecuritySupport
instanceKlass javax/xml/stream/FactoryFinder
instanceKlass javax/xml/stream/XMLInputFactory
instanceKlass org/springframework/util/xml/StaxUtils$$Lambda$1423
instanceKlass javax/xml/stream/XMLStreamWriter
instanceKlass javax/xml/stream/XMLStreamReader
instanceKlass javax/xml/stream/XMLStreamConstants
instanceKlass javax/xml/stream/XMLEventReader
instanceKlass org/springframework/util/xml/StaxUtils
instanceKlass org/springframework/http/codec/json/Jackson2CodecSupport
instanceKlass org/springframework/http/codec/HttpMessageDecoder
instanceKlass org/springframework/core/io/buffer/DefaultDataBuffer
instanceKlass org/springframework/core/io/buffer/DataBuffer
instanceKlass org/springframework/core/io/buffer/DefaultDataBufferFactory
instanceKlass org/springframework/core/io/buffer/DataBufferFactory
instanceKlass org/springframework/http/MediaType$$Lambda$1422
instanceKlass org/springframework/core/codec/AbstractDecoder
instanceKlass org/springframework/http/codec/DecoderHttpMessageReader
instanceKlass org/springframework/web/reactive/function/client/DefaultExchangeStrategiesBuilder$DefaultExchangeStrategies
instanceKlass org/springframework/http/codec/HttpMessageReader
instanceKlass org/springframework/http/codec/support/AbstractCodecConfigurer$DefaultCustomCodecs
instanceKlass org/springframework/http/codec/ClientCodecConfigurer$MultipartCodecs
instanceKlass org/springframework/http/codec/HttpMessageWriter
instanceKlass org/springframework/http/codec/ClientCodecConfigurer$ClientDefaultCodecs
instanceKlass org/springframework/http/codec/support/AbstractCodecConfigurer$AbstractDefaultCodecs
instanceKlass org/springframework/http/codec/CodecConfigurer$CustomCodecs
instanceKlass org/springframework/http/codec/support/AbstractCodecConfigurer
instanceKlass org/springframework/http/codec/ServerCodecConfigurer
instanceKlass org/springframework/http/codec/CodecConfigurerFactory
instanceKlass org/springframework/http/codec/CodecConfigurer$DefaultCodecs
instanceKlass org/springframework/web/reactive/function/client/DefaultExchangeStrategiesBuilder
instanceKlass org/springframework/web/reactive/function/client/ExchangeStrategies$Builder
instanceKlass org/springframework/web/reactive/function/client/ExchangeStrategies
instanceKlass org/springframework/http/client/reactive/ClientHttpConnector
instanceKlass org/springframework/web/util/UriBuilderFactory
instanceKlass org/springframework/web/reactive/function/client/DefaultWebClientBuilder
instanceKlass org/springframework/http/codec/ClientCodecConfigurer
instanceKlass org/springframework/http/client/support/BasicAuthorizationInterceptor
instanceKlass org/springframework/web/util/UriTemplateHandler
instanceKlass org/springframework/web/client/ResponseErrorHandler
instanceKlass org/springframework/http/client/ClientHttpRequestFactory
instanceKlass org/springframework/boot/web/client/RestTemplateCustomizer
instanceKlass com/google/gson/internal/bind/ReflectiveTypeAdapterFactory$BoundField
instanceKlass com/google/gson/internal/bind/ReflectiveTypeAdapterFactory
instanceKlass com/google/gson/internal/bind/JsonAdapterAnnotationTypeAdapterFactory
instanceKlass com/google/gson/internal/bind/MapTypeAdapterFactory
instanceKlass com/google/gson/internal/bind/CollectionTypeAdapterFactory
instanceKlass com/google/gson/internal/bind/ArrayTypeAdapter$1
instanceKlass com/google/gson/internal/bind/SqlDateTypeAdapter$1
instanceKlass com/google/gson/internal/bind/TimeTypeAdapter$1
instanceKlass com/google/gson/internal/bind/DateTypeAdapter$1
instanceKlass java/util/concurrent/atomic/AtomicLongArray
instanceKlass com/google/gson/internal/bind/ObjectTypeAdapter$1
instanceKlass com/google/gson/internal/bind/TypeAdapters$30
instanceKlass com/google/gson/internal/bind/TypeAdapters$34
instanceKlass com/google/gson/internal/bind/TypeAdapters$26
instanceKlass com/google/gson/internal/bind/TypeAdapters$35
instanceKlass java/util/concurrent/atomic/AtomicIntegerArray
instanceKlass com/google/gson/internal/bind/TypeAdapters$33
instanceKlass com/google/gson/internal/bind/TypeAdapters$32
instanceKlass com/google/gson/internal/bind/TypeAdapters
instanceKlass com/google/gson/internal/ObjectConstructor
instanceKlass com/google/gson/internal/ConstructorConstructor
instanceKlass com/google/gson/internal/$Gson$Types
instanceKlass com/google/gson/internal/$Gson$Preconditions
instanceKlass com/google/gson/reflect/TypeToken
instanceKlass com/google/gson/stream/JsonReader
instanceKlass com/google/gson/stream/JsonWriter
instanceKlass com/google/gson/ExclusionStrategy
instanceKlass org/springframework/boot/autoconfigure/gson/GsonAutoConfiguration$StandardGsonBuilderCustomizer$$Lambda$1421
instanceKlass org/springframework/boot/autoconfigure/gson/GsonAutoConfiguration$StandardGsonBuilderCustomizer$$Lambda$1420
instanceKlass org/springframework/boot/autoconfigure/gson/GsonAutoConfiguration$StandardGsonBuilderCustomizer$$Lambda$1419
instanceKlass org/springframework/boot/autoconfigure/gson/GsonAutoConfiguration$StandardGsonBuilderCustomizer$$Lambda$1418
instanceKlass org/springframework/boot/autoconfigure/gson/GsonAutoConfiguration$StandardGsonBuilderCustomizer$$Lambda$1417
instanceKlass org/springframework/boot/autoconfigure/gson/GsonAutoConfiguration$StandardGsonBuilderCustomizer$$Lambda$1416
instanceKlass org/springframework/boot/autoconfigure/gson/GsonAutoConfiguration$StandardGsonBuilderCustomizer$$Lambda$1415
instanceKlass org/springframework/boot/autoconfigure/gson/GsonAutoConfiguration$StandardGsonBuilderCustomizer$$Lambda$1414
instanceKlass org/springframework/boot/autoconfigure/gson/GsonAutoConfiguration$StandardGsonBuilderCustomizer$$Lambda$1413
instanceKlass org/springframework/boot/autoconfigure/gson/GsonAutoConfiguration$StandardGsonBuilderCustomizer$$Lambda$1412
instanceKlass org/springframework/boot/autoconfigure/gson/GsonAutoConfiguration$StandardGsonBuilderCustomizer$$Lambda$1411
instanceKlass org/springframework/boot/autoconfigure/gson/GsonAutoConfiguration$StandardGsonBuilderCustomizer$$Lambda$1410
instanceKlass org/springframework/boot/autoconfigure/gson/GsonAutoConfiguration$StandardGsonBuilderCustomizer$$Lambda$1409
instanceKlass org/springframework/boot/autoconfigure/gson/GsonAutoConfiguration$StandardGsonBuilderCustomizer$$Lambda$1408
instanceKlass org/springframework/boot/autoconfigure/gson/GsonAutoConfiguration$StandardGsonBuilderCustomizer$$Lambda$1407
instanceKlass org/springframework/boot/autoconfigure/gson/GsonAutoConfiguration$StandardGsonBuilderCustomizer$$Lambda$1406
instanceKlass org/springframework/boot/autoconfigure/gson/GsonAutoConfiguration$StandardGsonBuilderCustomizer$$Lambda$1405
instanceKlass org/springframework/boot/autoconfigure/gson/GsonAutoConfiguration$StandardGsonBuilderCustomizer$$Lambda$1404
instanceKlass org/springframework/boot/autoconfigure/gson/GsonAutoConfiguration$StandardGsonBuilderCustomizer$$Lambda$1403
instanceKlass org/springframework/boot/autoconfigure/gson/GsonAutoConfiguration$StandardGsonBuilderCustomizer$$Lambda$1402
instanceKlass org/springframework/boot/autoconfigure/gson/GsonAutoConfiguration$StandardGsonBuilderCustomizer$$Lambda$1401
instanceKlass org/springframework/boot/autoconfigure/gson/GsonAutoConfiguration$StandardGsonBuilderCustomizer$$Lambda$1400
instanceKlass org/springframework/boot/autoconfigure/gson/GsonAutoConfiguration$$Lambda$1399
instanceKlass com/google/gson/JsonElement
instanceKlass com/google/gson/internal/Excluder
instanceKlass com/google/gson/TypeAdapterFactory
instanceKlass com/google/gson/TypeAdapter
instanceKlass org/springframework/amqp/support/ConsumerTagStrategy
instanceKlass org/springframework/boot/autoconfigure/amqp/SimpleRabbitListenerContainerFactoryConfigurer$$Lambda$1398
instanceKlass org/springframework/boot/autoconfigure/amqp/SimpleRabbitListenerContainerFactoryConfigurer$$Lambda$1397
instanceKlass org/springframework/boot/autoconfigure/amqp/SimpleRabbitListenerContainerFactoryConfigurer$$Lambda$1396
instanceKlass org/springframework/boot/autoconfigure/amqp/SimpleRabbitListenerContainerFactoryConfigurer$$Lambda$1395
instanceKlass org/springframework/boot/autoconfigure/amqp/SimpleRabbitListenerContainerFactoryConfigurer$$Lambda$1394
instanceKlass org/springframework/boot/autoconfigure/amqp/SimpleRabbitListenerContainerFactoryConfigurer$$Lambda$1393
instanceKlass org/springframework/util/backoff/BackOff
instanceKlass org/springframework/amqp/rabbit/config/RetryInterceptorBuilder
instanceKlass org/springframework/amqp/rabbit/retry/MessageRecoverer
instanceKlass org/springframework/messaging/core/MessagePostProcessor
instanceKlass org/springframework/messaging/Message
instanceKlass org/springframework/messaging/support/AbstractHeaderMapper
instanceKlass org/springframework/amqp/support/AmqpHeaderMapper
instanceKlass org/springframework/messaging/support/HeaderMapper
instanceKlass org/springframework/amqp/support/converter/MessagingMessageConverter
instanceKlass org/springframework/messaging/converter/SimpleMessageConverter
instanceKlass org/springframework/messaging/converter/MessageConverter
instanceKlass org/springframework/amqp/rabbit/core/RabbitAdmin$$Lambda$1392
instanceKlass com/rabbitmq/client/AMQP$Queue$DeclareOk
instanceKlass org/springframework/amqp/rabbit/core/RabbitAdmin
instanceKlass org/springframework/transaction/support/ResourceHolderSupport
instanceKlass org/springframework/transaction/support/ResourceHolder
instanceKlass org/springframework/retry/RetryContext
instanceKlass org/springframework/amqp/support/converter/SmartMessageConverter
instanceKlass com/rabbitmq/client/GetResponse
instanceKlass org/springframework/amqp/rabbit/core/CorrelationDataPostProcessor
instanceKlass org/springframework/retry/RecoveryCallback
instanceKlass org/springframework/amqp/rabbit/core/RabbitTemplate$ReturnCallback
instanceKlass org/springframework/amqp/rabbit/core/RabbitTemplate$ConfirmCallback
instanceKlass org/springframework/amqp/rabbit/support/PendingConfirm
instanceKlass org/springframework/amqp/rabbit/core/RabbitTemplate$PendingReply
instanceKlass org/springframework/amqp/rabbit/support/Delivery
instanceKlass org/springframework/amqp/core/ReceiveAndReplyCallback
instanceKlass org/springframework/amqp/core/MessagePostProcessor
instanceKlass org/springframework/amqp/rabbit/support/CorrelationData
instanceKlass com/rabbitmq/client/impl/AMQContentHeader
instanceKlass com/rabbitmq/client/ContentHeader
instanceKlass com/rabbitmq/client/BasicProperties
instanceKlass com/rabbitmq/client/Envelope
instanceKlass org/springframework/amqp/rabbit/core/ChannelCallback
instanceKlass org/springframework/amqp/rabbit/core/RabbitOperations$OperationsCallback
instanceKlass org/springframework/boot/autoconfigure/amqp/RabbitAutoConfiguration$RabbitTemplateConfiguration$$Lambda$1391
instanceKlass org/springframework/boot/autoconfigure/amqp/RabbitAutoConfiguration$RabbitTemplateConfiguration$$Lambda$1390
instanceKlass org/springframework/boot/autoconfigure/amqp/RabbitAutoConfiguration$RabbitTemplateConfiguration$$Lambda$1389
instanceKlass org/springframework/boot/autoconfigure/amqp/RabbitAutoConfiguration$RabbitTemplateConfiguration$$Lambda$1388
instanceKlass org/springframework/boot/autoconfigure/amqp/RabbitAutoConfiguration$RabbitTemplateConfiguration$$Lambda$1387
instanceKlass org/springframework/boot/autoconfigure/amqp/RabbitAutoConfiguration$RabbitTemplateConfiguration$$Lambda$1386
instanceKlass org/springframework/boot/autoconfigure/amqp/RabbitAutoConfiguration$RabbitTemplateConfiguration$$Lambda$1385
instanceKlass org/springframework/boot/autoconfigure/amqp/RabbitAutoConfiguration$RabbitTemplateConfiguration$$Lambda$1384
instanceKlass org/springframework/boot/autoconfigure/amqp/RabbitAutoConfiguration$RabbitTemplateConfiguration$$Lambda$1383
instanceKlass org/springframework/boot/autoconfigure/amqp/RabbitAutoConfiguration$RabbitTemplateConfiguration$$Lambda$1382
instanceKlass org/springframework/amqp/rabbit/support/ValueExpression
instanceKlass org/springframework/amqp/rabbit/support/DefaultMessagePropertiesConverter
instanceKlass org/springframework/amqp/support/converter/AbstractMessageConverter
instanceKlass org/springframework/amqp/rabbit/core/RabbitTemplate$$Lambda$1381
instanceKlass org/springframework/amqp/core/ReplyToAddressCallback
instanceKlass org/springframework/amqp/core/Address
instanceKlass org/springframework/amqp/core/Message
instanceKlass java/util/UUID$Holder
instanceKlass com/rabbitmq/client/DefaultConsumer
instanceKlass com/rabbitmq/client/Consumer
instanceKlass org/springframework/amqp/support/Correlation
instanceKlass org/springframework/amqp/rabbit/support/MessagePropertiesConverter
instanceKlass java/lang/Package$1
instanceKlass ch/qos/logback/classic/spi/ClassPackagingData
instanceKlass org/springframework/amqp/support/converter/MessageConverter
instanceKlass ch/qos/logback/classic/spi/STEUtil
instanceKlass ch/qos/logback/classic/spi/PackagingDataCalculator
instanceKlass ch/qos/logback/classic/spi/StackTraceElementProxy
instanceKlass ch/qos/logback/classic/spi/ThrowableProxyUtil
instanceKlass ch/qos/logback/classic/spi/ThrowableProxy
instanceKlass io/netty/buffer/ByteBufUtil$HexUtil
instanceKlass org/apache/logging/log4j/util/LambdaUtil
instanceKlass org/springframework/amqp/rabbit/connection/ChannelProxy
instanceKlass org/elasticsearch/transport/netty4/Netty4Transport$$Lambda$1380
instanceKlass java/lang/Throwable$PrintStreamOrWriter
instanceKlass org/apache/logging/log4j/util/Supplier
instanceKlass org/elasticsearch/transport/netty4/Netty4Utils$$Lambda$1379
instanceKlass org/slf4j/helpers/FormattingTuple
instanceKlass org/springframework/boot/autoconfigure/amqp/RabbitAutoConfiguration$RabbitConnectionFactoryCreator$$Lambda$1378
instanceKlass org/springframework/boot/autoconfigure/amqp/RabbitAutoConfiguration$RabbitConnectionFactoryCreator$$Lambda$1377
instanceKlass org/slf4j/helpers/MessageFormatter
instanceKlass org/springframework/boot/autoconfigure/amqp/RabbitAutoConfiguration$RabbitConnectionFactoryCreator$$Lambda$1376
instanceKlass org/springframework/boot/autoconfigure/amqp/RabbitAutoConfiguration$RabbitConnectionFactoryCreator$$Lambda$1375
instanceKlass org/springframework/boot/autoconfigure/amqp/RabbitAutoConfiguration$RabbitConnectionFactoryCreator$$Lambda$1374
instanceKlass org/springframework/boot/autoconfigure/amqp/RabbitAutoConfiguration$RabbitConnectionFactoryCreator$$Lambda$1373
instanceKlass org/springframework/boot/autoconfigure/amqp/RabbitAutoConfiguration$RabbitConnectionFactoryCreator$$Lambda$1372
instanceKlass org/apache/logging/log4j/util/StringBuilders
instanceKlass java/lang/invoke/LambdaForm$DMH
instanceKlass org/springframework/boot/autoconfigure/amqp/RabbitAutoConfiguration$RabbitConnectionFactoryCreator$$Lambda$1371
instanceKlass org/springframework/boot/autoconfigure/amqp/RabbitAutoConfiguration$RabbitConnectionFactoryCreator$$Lambda$1370
instanceKlass org/springframework/boot/autoconfigure/amqp/RabbitAutoConfiguration$RabbitConnectionFactoryCreator$$Lambda$1369
instanceKlass org/springframework/boot/autoconfigure/amqp/RabbitAutoConfiguration$RabbitConnectionFactoryCreator$$Lambda$1368
instanceKlass org/springframework/boot/autoconfigure/amqp/RabbitAutoConfiguration$RabbitConnectionFactoryCreator$$Lambda$1367
instanceKlass org/springframework/boot/autoconfigure/amqp/RabbitAutoConfiguration$RabbitConnectionFactoryCreator$$Lambda$1366
instanceKlass org/apache/logging/log4j/message/ParameterFormatter
instanceKlass org/springframework/boot/autoconfigure/amqp/RabbitAutoConfiguration$RabbitConnectionFactoryCreator$$Lambda$1365
instanceKlass org/springframework/boot/autoconfigure/amqp/RabbitAutoConfiguration$RabbitConnectionFactoryCreator$$Lambda$1364
instanceKlass com/rabbitmq/client/Address
instanceKlass org/springframework/boot/autoconfigure/amqp/RabbitAutoConfiguration$RabbitConnectionFactoryCreator$$Lambda$1363
instanceKlass org/apache/logging/log4j/message/ParameterizedMessage
instanceKlass org/springframework/boot/autoconfigure/amqp/RabbitAutoConfiguration$RabbitConnectionFactoryCreator$$Lambda$1362
instanceKlass java/util/concurrent/SynchronousQueue$TransferStack$SNode
instanceKlass java/util/concurrent/SynchronousQueue$Transferer
instanceKlass java/util/stream/Collectors$$Lambda$1361
instanceKlass java/util/stream/Collectors$$Lambda$1360
instanceKlass java/util/stream/Collectors$$Lambda$1359
instanceKlass java/util/stream/Collectors$$Lambda$1358
instanceKlass org/elasticsearch/transport/netty4/Netty4Utils$$Lambda$1357
instanceKlass org/springframework/amqp/rabbit/connection/CachingConnectionFactory$DefaultChannelCloseLogger
instanceKlass java/util/stream/SliceOps
instanceKlass org/springframework/amqp/rabbit/connection/CachingConnectionFactory$ChannelCachingConnectionProxy
instanceKlass org/springframework/amqp/rabbit/connection/AbstractConnectionFactory$$Lambda$1356
instanceKlass org/springframework/amqp/rabbit/connection/AbstractConnectionFactory$1
instanceKlass org/springframework/amqp/rabbit/connection/CompositeChannelListener
instanceKlass org/springframework/amqp/rabbit/connection/CompositeConnectionListener
instanceKlass org/springframework/boot/autoconfigure/amqp/RabbitAutoConfiguration$RabbitConnectionFactoryCreator$$Lambda$1355
instanceKlass org/springframework/boot/autoconfigure/amqp/RabbitAutoConfiguration$RabbitConnectionFactoryCreator$$Lambda$1354
instanceKlass org/springframework/boot/autoconfigure/amqp/RabbitAutoConfiguration$RabbitConnectionFactoryCreator$$Lambda$1353
instanceKlass org/springframework/boot/autoconfigure/amqp/RabbitAutoConfiguration$RabbitConnectionFactoryCreator$$Lambda$1352
instanceKlass org/springframework/boot/context/properties/PropertyMapper$Source$$Lambda$1351
instanceKlass org/springframework/boot/autoconfigure/amqp/RabbitAutoConfiguration$RabbitConnectionFactoryCreator$$Lambda$1350
instanceKlass org/springframework/boot/autoconfigure/amqp/RabbitAutoConfiguration$RabbitConnectionFactoryCreator$$Lambda$1349
instanceKlass org/springframework/boot/autoconfigure/amqp/RabbitAutoConfiguration$RabbitConnectionFactoryCreator$$Lambda$1348
instanceKlass org/springframework/boot/autoconfigure/amqp/RabbitAutoConfiguration$RabbitConnectionFactoryCreator$$Lambda$1347
instanceKlass org/springframework/boot/autoconfigure/amqp/RabbitAutoConfiguration$RabbitConnectionFactoryCreator$$Lambda$1346
instanceKlass org/springframework/boot/autoconfigure/amqp/RabbitAutoConfiguration$RabbitConnectionFactoryCreator$$Lambda$1345
instanceKlass org/springframework/boot/autoconfigure/amqp/RabbitAutoConfiguration$RabbitConnectionFactoryCreator$$Lambda$1344
instanceKlass org/springframework/boot/autoconfigure/amqp/RabbitAutoConfiguration$RabbitConnectionFactoryCreator$$Lambda$1343
instanceKlass org/springframework/boot/autoconfigure/amqp/RabbitAutoConfiguration$RabbitConnectionFactoryCreator$$Lambda$1342
instanceKlass org/springframework/boot/autoconfigure/amqp/RabbitAutoConfiguration$RabbitConnectionFactoryCreator$$Lambda$1341
instanceKlass org/springframework/boot/autoconfigure/amqp/RabbitAutoConfiguration$RabbitConnectionFactoryCreator$$Lambda$1340
instanceKlass org/springframework/boot/autoconfigure/amqp/RabbitAutoConfiguration$RabbitConnectionFactoryCreator$$Lambda$1339
instanceKlass com/rabbitmq/client/impl/nio/NioParams$1
instanceKlass com/rabbitmq/client/DefaultSocketChannelConfigurator
instanceKlass com/rabbitmq/client/SslEngineConfigurator
instanceKlass com/rabbitmq/client/SocketChannelConfigurator
instanceKlass com/rabbitmq/client/impl/nio/NioParams
instanceKlass com/rabbitmq/client/impl/ForgivingExceptionHandler
instanceKlass com/rabbitmq/client/DefaultSocketConfigurator
instanceKlass java/util/concurrent/Executors$DefaultThreadFactory
instanceKlass com/rabbitmq/client/SaslMechanism
instanceKlass com/rabbitmq/client/DefaultSaslConfig
instanceKlass com/rabbitmq/client/impl/ClientVersion
instanceKlass com/rabbitmq/client/impl/LongStringHelper$ByteArrayLongString
instanceKlass com/rabbitmq/client/LongString
instanceKlass com/rabbitmq/client/impl/LongStringHelper
instanceKlass com/rabbitmq/client/impl/Version
instanceKlass com/rabbitmq/client/impl/AMQChannel$BlockingRpcContinuation
instanceKlass com/rabbitmq/client/Method
instanceKlass com/rabbitmq/client/impl/AMQChannel$RpcContinuation
instanceKlass com/rabbitmq/client/impl/ShutdownNotifierComponent
instanceKlass com/rabbitmq/client/impl/NetworkConnection
instanceKlass com/rabbitmq/client/AddressResolver
instanceKlass com/rabbitmq/client/impl/FrameHandlerFactory
instanceKlass javax/net/SocketFactory
instanceKlass javax/net/ssl/TrustManager
instanceKlass com/rabbitmq/client/Connection
instanceKlass com/rabbitmq/client/MetricsCollector
instanceKlass com/rabbitmq/client/ExceptionHandler
instanceKlass com/rabbitmq/client/SocketConfigurator
instanceKlass com/rabbitmq/client/SaslConfig
instanceKlass com/rabbitmq/client/ConnectionFactory
instanceKlass org/springframework/amqp/rabbit/connection/ConnectionProxy
instanceKlass com/rabbitmq/utility/SensibleClone
instanceKlass org/springframework/amqp/support/ConditionalExceptionLogger
instanceKlass java/util/concurrent/BlockingDeque
instanceKlass com/rabbitmq/client/BlockedListener
instanceKlass org/springframework/amqp/rabbit/connection/Connection
instanceKlass org/springframework/amqp/rabbit/connection/ChannelListener
instanceKlass org/springframework/amqp/rabbit/connection/ConnectionListener
instanceKlass com/rabbitmq/client/RecoveryListener
instanceKlass org/springframework/boot/convert/DurationUnit
instanceKlass org/springframework/boot/autoconfigure/amqp/RabbitProperties$AmqpContainer
instanceKlass org/springframework/boot/autoconfigure/amqp/RabbitProperties$Cache$Connection
instanceKlass org/springframework/boot/autoconfigure/amqp/RabbitProperties$Cache$Channel
instanceKlass org/springframework/amqp/rabbit/connection/ConnectionNameStrategy
instanceKlass javax/servlet/FilterConfig
instanceKlass javax/servlet/FilterChain
instanceKlass org/springframework/boot/autoconfigure/web/servlet/WebMvcAutoConfiguration$WebMvcAutoConfigurationAdapter$$Lambda$1338
instanceKlass org/springframework/boot/autoconfigure/web/servlet/WebMvcAutoConfiguration$WebMvcAutoConfigurationAdapter$$Lambda$1337
instanceKlass org/springframework/web/servlet/view/ContentNegotiatingViewResolver$1
instanceKlass org/springframework/web/servlet/view/AbstractCachingViewResolver$1
instanceKlass org/springframework/web/servlet/SmartView
instanceKlass java/lang/ref/ReferenceQueue$1
instanceKlass org/springframework/web/servlet/view/ViewResolverComposite
instanceKlass org/springframework/web/servlet/config/annotation/UrlBasedViewResolverRegistration
instanceKlass org/springframework/web/servlet/handler/HandlerExceptionResolverComposite
instanceKlass org/springframework/web/method/annotation/ExceptionHandlerMethodResolver$$Lambda$1336
instanceKlass org/springframework/web/method/annotation/ExceptionHandlerMethodResolver
instanceKlass org/springframework/web/util/UriComponentsBuilder
instanceKlass org/springframework/web/util/UriBuilder
instanceKlass org/springframework/boot/autoconfigure/web/ResourceProperties$Cache$Cachecontrol$$Lambda$1335
instanceKlass org/springframework/boot/autoconfigure/web/ResourceProperties$Cache$Cachecontrol$$Lambda$1334
instanceKlass org/springframework/boot/autoconfigure/web/ResourceProperties$Cache$Cachecontrol$$Lambda$1333
instanceKlass org/springframework/boot/autoconfigure/web/ResourceProperties$Cache$Cachecontrol$$Lambda$1332
instanceKlass org/springframework/boot/autoconfigure/web/ResourceProperties$Cache$Cachecontrol$$Lambda$1331
instanceKlass org/springframework/boot/autoconfigure/web/ResourceProperties$Cache$Cachecontrol$$Lambda$1330
instanceKlass org/springframework/boot/autoconfigure/web/ResourceProperties$Cache$Cachecontrol$$Lambda$1329
instanceKlass org/springframework/boot/autoconfigure/web/ResourceProperties$Cache$Cachecontrol$$Lambda$1328
instanceKlass org/springframework/boot/autoconfigure/web/ResourceProperties$Cache$Cachecontrol$$Lambda$1327
instanceKlass org/springframework/boot/autoconfigure/web/ResourceProperties$Cache$Cachecontrol$$Lambda$1326
instanceKlass org/springframework/boot/autoconfigure/web/ResourceProperties$Cache$Cachecontrol$$Lambda$1325
instanceKlass org/springframework/boot/autoconfigure/web/ResourceProperties$Cache$Cachecontrol$$Lambda$1324
instanceKlass org/springframework/boot/autoconfigure/web/ResourceProperties$Cache$Cachecontrol$$Lambda$1323
instanceKlass org/springframework/boot/autoconfigure/web/ResourceProperties$Cache$Cachecontrol$$Lambda$1322
instanceKlass org/springframework/boot/autoconfigure/web/ResourceProperties$Cache$Cachecontrol$$Lambda$1321
instanceKlass org/springframework/boot/context/properties/PropertyMapper$Source$$Lambda$1320
instanceKlass org/springframework/boot/autoconfigure/web/ResourceProperties$Cache$Cachecontrol$$Lambda$1319
instanceKlass org/springframework/util/MimeType$$Lambda$1318
instanceKlass org/springframework/web/servlet/handler/AbstractHandlerMethodMapping$MappingRegistration
instanceKlass org/springframework/web/servlet/handler/AbstractHandlerMethodMapping$$Lambda$1317
instanceKlass org/springframework/web/servlet/mvc/condition/AbstractMediaTypeExpression
instanceKlass org/springframework/web/servlet/mvc/condition/MediaTypeExpression
instanceKlass org/springframework/web/servlet/mvc/condition/AbstractRequestCondition
instanceKlass org/springframework/web/servlet/mvc/method/RequestMappingInfo$DefaultBuilder
instanceKlass org/springframework/web/servlet/mvc/method/RequestMappingInfo$Builder
instanceKlass org/springframework/web/servlet/handler/AbstractHandlerMethodMapping$$Lambda$1316
instanceKlass org/springframework/web/servlet/mvc/method/RequestMappingInfo
instanceKlass org/springframework/web/servlet/mvc/condition/RequestCondition
instanceKlass org/springframework/web/bind/annotation/CrossOrigin
instanceKlass org/springframework/web/servlet/config/annotation/InterceptorRegistry$$Lambda$1315
instanceKlass org/springframework/web/servlet/config/annotation/InterceptorRegistry$$Lambda$1314
instanceKlass org/springframework/web/servlet/config/annotation/InterceptorRegistration
instanceKlass org/springframework/web/servlet/handler/HandlerInterceptorAdapter
instanceKlass org/springframework/web/servlet/AsyncHandlerInterceptor
instanceKlass org/springframework/web/servlet/config/annotation/InterceptorRegistry$$Lambda$1313
instanceKlass org/springframework/web/servlet/mvc/method/RequestMappingInfo$BuilderConfiguration
instanceKlass org/springframework/web/servlet/mvc/method/RequestMappingInfoHandlerMethodMappingNamingStrategy
instanceKlass org/springframework/web/servlet/handler/AbstractHandlerMethodMapping$MappingRegistry
instanceKlass org/springframework/web/servlet/mvc/method/RequestMappingInfoHandlerMapping$HttpOptionsHandler
instanceKlass org/springframework/web/bind/annotation/ResponseStatus
instanceKlass org/springframework/web/servlet/handler/AbstractHandlerMethodMapping$EmptyHandler
instanceKlass org/springframework/web/servlet/handler/HandlerMethodMappingNamingStrategy
instanceKlass org/springframework/web/servlet/mvc/method/annotation/ViewNameMethodReturnValueHandler
instanceKlass org/springframework/web/servlet/mvc/method/annotation/AsyncTaskMethodReturnValueHandler
instanceKlass org/springframework/util/concurrent/ListenableFutureCallback
instanceKlass org/springframework/web/servlet/mvc/method/annotation/DeferredResultMethodReturnValueHandler
instanceKlass org/springframework/web/servlet/mvc/method/annotation/CallableMethodReturnValueHandler
instanceKlass org/springframework/web/servlet/mvc/method/annotation/HttpHeadersReturnValueHandler
instanceKlass org/springframework/web/servlet/mvc/method/annotation/StreamingResponseBodyReturnValueHandler
instanceKlass org/springframework/web/servlet/mvc/method/annotation/ResponseBodyEmitter
instanceKlass org/springframework/web/servlet/mvc/method/annotation/ReactiveTypeHandler
instanceKlass org/springframework/web/servlet/mvc/method/annotation/ResponseBodyEmitter$Handler
instanceKlass org/springframework/web/servlet/mvc/method/annotation/ResponseBodyEmitterReturnValueHandler
instanceKlass org/springframework/web/servlet/mvc/method/annotation/ViewMethodReturnValueHandler
instanceKlass org/springframework/web/servlet/mvc/method/annotation/ModelAndViewMethodReturnValueHandler
instanceKlass org/springframework/web/servlet/mvc/method/annotation/UriComponentsBuilderMethodArgumentResolver
instanceKlass org/springframework/web/method/annotation/SessionStatusMethodArgumentResolver
instanceKlass org/springframework/web/method/annotation/ErrorsMethodArgumentResolver
instanceKlass org/springframework/web/method/annotation/MapMethodProcessor
instanceKlass org/springframework/web/method/annotation/ModelMethodProcessor
instanceKlass org/springframework/web/servlet/mvc/support/RedirectAttributes
instanceKlass org/springframework/ui/Model
instanceKlass org/springframework/web/servlet/mvc/method/annotation/RedirectAttributesMethodArgumentResolver
instanceKlass org/springframework/web/servlet/mvc/method/annotation/ServletResponseMethodArgumentResolver
instanceKlass org/springframework/web/servlet/mvc/method/annotation/ServletRequestMethodArgumentResolver
instanceKlass org/springframework/web/method/annotation/RequestHeaderMapMethodArgumentResolver
instanceKlass org/springframework/web/servlet/mvc/method/annotation/RequestResponseBodyAdviceChain
instanceKlass org/springframework/core/io/support/ResourceRegion
instanceKlass org/springframework/core/ParameterizedTypeReference
instanceKlass org/springframework/web/servlet/mvc/method/annotation/AbstractMessageConverterMethodArgumentResolver
instanceKlass org/springframework/validation/DataBinder
instanceKlass org/springframework/web/servlet/mvc/method/annotation/MatrixVariableMapMethodArgumentResolver
instanceKlass org/springframework/web/servlet/mvc/method/annotation/PathVariableMapMethodArgumentResolver
instanceKlass org/springframework/web/method/annotation/RequestParamMapMethodArgumentResolver
instanceKlass org/springframework/web/method/annotation/AbstractNamedValueMethodArgumentResolver$NamedValueInfo
instanceKlass org/springframework/web/method/annotation/AbstractNamedValueMethodArgumentResolver
instanceKlass org/springframework/web/bind/annotation/InitBinder
instanceKlass org/springframework/web/bind/annotation/ModelAttribute
instanceKlass org/springframework/core/MethodIntrospector$$Lambda$1312
instanceKlass org/springframework/web/servlet/mvc/annotation/ModelAndViewResolver
instanceKlass org/springframework/web/method/support/HandlerMethodReturnValueHandlerComposite
instanceKlass org/springframework/web/method/support/HandlerMethodArgumentResolverComposite
instanceKlass org/springframework/web/method/ControllerAdviceBean
instanceKlass org/springframework/web/method/annotation/SessionAttributesHandler
instanceKlass org/springframework/web/method/annotation/ModelFactory
instanceKlass org/springframework/web/servlet/mvc/method/annotation/AbstractMappingJacksonResponseBodyAdvice
instanceKlass org/springframework/web/servlet/mvc/method/annotation/ResponseBodyAdvice
instanceKlass org/springframework/web/servlet/mvc/method/annotation/RequestBodyAdviceAdapter
instanceKlass org/springframework/web/servlet/mvc/method/annotation/RequestBodyAdvice
instanceKlass org/springframework/data/web/PageableDefault
instanceKlass org/springframework/data/web/config/SpringDataWebConfiguration$$Lambda$1311
instanceKlass org/springframework/data/domain/AbstractPageRequest
instanceKlass org/springframework/web/method/support/ModelAndViewContainer
